Starting tests...
============================= test session starts ==============================
platform linux -- Python 3.12.12, pytest-9.0.2, pluggy-1.6.0 -- /app/.venv/bin/python
cachedir: .pytest_cache
rootdir: /app
configfile: pyproject.toml
plugins: asyncio-1.3.0, anyio-4.12.1
asyncio: mode=Mode.STRICT, debug=False, asyncio_default_fixture_loop_scope=None, asyncio_default_test_loop_scope=function
collecting ... collected 34 items

tests/test_auth.py::TestUserModels::test_user_create_valid PASSED        [  2%]
tests/test_auth.py::TestUserModels::test_user_create_default_role PASSED [  5%]
tests/test_auth.py::TestUserModels::test_user_create_invalid_email PASSED [  8%]
tests/test_auth.py::TestUserModels::test_user_create_short_password PASSED [ 11%]
tests/test_auth.py::TestUserModels::test_user_create_invalid_role PASSED [ 14%]
tests/test_auth.py::TestPricingModels::test_pricing_request_valid PASSED [ 17%]
tests/test_auth.py::TestPricingModels::test_pricing_request_invalid_spot PASSED [ 20%]
tests/test_auth.py::TestPricingModels::test_pricing_request_invalid_option_type PASSED [ 23%]
tests/test_auth.py::TestOAuthUrls::test_google_oauth_url_structure PASSED [ 26%]
tests/test_auth.py::TestOAuthUrls::test_github_oauth_url_structure PASSED [ 29%]
tests/test_auth.py::TestTokenGeneration::test_secure_token_generation PASSED [ 32%]
tests/test_auth.py::TestTokenGeneration::test_tokens_are_unique PASSED   [ 35%]
tests/test_pricing.py::TestBlackScholes::test_at_the_money_call PASSED   [ 38%]
tests/test_pricing.py::TestBlackScholes::test_at_the_money_put PASSED    [ 41%]
tests/test_pricing.py::TestBlackScholes::test_put_call_parity PASSED     [ 44%]
tests/test_pricing.py::TestBlackScholes::test_deep_itm_call PASSED       [ 47%]
tests/test_pricing.py::TestBlackScholes::test_deep_otm_call PASSED       [ 50%]
tests/test_pricing.py::TestBlackScholes::test_zero_time_call PASSED      [ 52%]
tests/test_pricing.py::TestCrankNicolson::test_accuracy_vs_analytical_call PASSED [ 55%]
tests/test_pricing.py::TestCrankNicolson::test_accuracy_vs_analytical_put PASSED [ 58%]
tests/test_pricing.py::TestCrankNicolson::test_grid_convergence PASSED   [ 61%]
tests/test_pricing.py::TestMonteCarlo::test_accuracy_vs_analytical PASSED [ 64%]
tests/test_pricing.py::TestMonteCarlo::test_antithetic_reduces_variance PASSED [ 67%]
tests/test_pricing.py::TestMonteCarlo::test_reproducibility_with_seed PASSED [ 70%]
tests/test_pricing.py::TestTrinomialTree::test_accuracy_vs_analytical PASSED [ 73%]
tests/test_pricing.py::TestTrinomialTree::test_richardson_extrapolation_improves_accuracy PASSED [ 76%]
tests/test_pricing.py::TestNumericalMethodComparator::test_all_methods_return_results PASSED [ 79%]
tests/test_pricing.py::TestNumericalMethodComparator::test_timing_information PASSED [ 82%]
tests/test_pricing.py::TestEdgeCases::test_high_volatility PASSED        [ 85%]
tests/test_pricing.py::TestEdgeCases::test_very_short_maturity PASSED    [ 88%]
tests/test_pricing.py::TestEdgeCases::test_zero_rate PASSED              [ 91%]
tests/test_trading_validation.py::test_sell_order_insufficient_position PASSED [ 94%]
tests/test_trading_validation.py::test_sell_order_sufficient_position PASSED [ 97%]
tests/test_trading_validation.py::test_sell_order_partial_insufficient_position PASSED [100%]

=============================== warnings summary ===============================
.venv/lib/python3.12/site-packages/passlib/utils/__init__.py:854
  /app/.venv/lib/python3.12/site-packages/passlib/utils/__init__.py:854: DeprecationWarning: 'crypt' is deprecated and slated for removal in Python 3.13
    from crypt import crypt as _crypt

tests/test_trading_validation.py::test_sell_order_sufficient_position
  /app/.venv/lib/python3.12/site-packages/fastapi/routing.py:105: FastAPIDeprecationWarning: ORJSONResponse is deprecated, FastAPI now serializes data directly to JSON bytes via Pydantic when a return type or response model is set, which is faster and doesn't need a custom response class. Read more in the FastAPI docs: https://fastapi.tiangolo.com/advanced/custom-response/#orjson-or-response-model and https://fastapi.tiangolo.com/tutorial/response-model/
    response = await f(request)

-- Docs: https://docs.pytest.org/en/stable/how-to/capture-warnings.html
======================== 34 passed, 2 warnings in 4.32s ========================

Tests finished with exit code 0
