Starting tests...
============================= test session starts ==============================
platform linux -- Python 3.12.12, pytest-9.0.2, pluggy-1.6.0 -- /home/jules/.pyenv/versions/3.12.12/bin/python3
cachedir: .pytest_cache
rootdir: /app
configfile: pyproject.toml
plugins: anyio-4.12.1
collecting ... collected 31 items

tests/test_auth.py::TestUserModels::test_user_create_valid PASSED        [  3%]
tests/test_auth.py::TestUserModels::test_user_create_default_role PASSED [  6%]
tests/test_auth.py::TestUserModels::test_user_create_invalid_email PASSED [  9%]
tests/test_auth.py::TestUserModels::test_user_create_short_password PASSED [ 12%]
tests/test_auth.py::TestUserModels::test_user_create_invalid_role PASSED [ 16%]
tests/test_auth.py::TestPricingModels::test_pricing_request_valid PASSED [ 19%]
tests/test_auth.py::TestPricingModels::test_pricing_request_invalid_spot PASSED [ 22%]
tests/test_auth.py::TestPricingModels::test_pricing_request_invalid_option_type PASSED [ 25%]
tests/test_auth.py::TestOAuthUrls::test_google_oauth_url_structure PASSED [ 29%]
tests/test_auth.py::TestOAuthUrls::test_github_oauth_url_structure PASSED [ 32%]
tests/test_auth.py::TestTokenGeneration::test_secure_token_generation PASSED [ 35%]
tests/test_auth.py::TestTokenGeneration::test_tokens_are_unique PASSED   [ 38%]
tests/test_pricing.py::TestBlackScholes::test_at_the_money_call PASSED   [ 41%]
tests/test_pricing.py::TestBlackScholes::test_at_the_money_put PASSED    [ 45%]
tests/test_pricing.py::TestBlackScholes::test_put_call_parity PASSED     [ 48%]
tests/test_pricing.py::TestBlackScholes::test_deep_itm_call PASSED       [ 51%]
tests/test_pricing.py::TestBlackScholes::test_deep_otm_call PASSED       [ 54%]
tests/test_pricing.py::TestBlackScholes::test_zero_time_call PASSED      [ 58%]
tests/test_pricing.py::TestCrankNicolson::test_accuracy_vs_analytical_call PASSED [ 61%]
tests/test_pricing.py::TestCrankNicolson::test_accuracy_vs_analytical_put PASSED [ 64%]
tests/test_pricing.py::TestCrankNicolson::test_grid_convergence PASSED   [ 67%]
tests/test_pricing.py::TestMonteCarlo::test_accuracy_vs_analytical PASSED [ 70%]
tests/test_pricing.py::TestMonteCarlo::test_antithetic_reduces_variance PASSED [ 74%]
tests/test_pricing.py::TestMonteCarlo::test_reproducibility_with_seed PASSED [ 77%]
tests/test_pricing.py::TestTrinomialTree::test_accuracy_vs_analytical PASSED [ 80%]
tests/test_pricing.py::TestTrinomialTree::test_richardson_extrapolation_improves_accuracy PASSED [ 83%]
tests/test_pricing.py::TestNumericalMethodComparator::test_all_methods_return_results PASSED [ 87%]
tests/test_pricing.py::TestNumericalMethodComparator::test_timing_information PASSED [ 90%]
tests/test_pricing.py::TestEdgeCases::test_high_volatility PASSED        [ 93%]
tests/test_pricing.py::TestEdgeCases::test_very_short_maturity PASSED    [ 96%]
tests/test_pricing.py::TestEdgeCases::test_zero_rate PASSED              [100%]

=============================== warnings summary ===============================
tests/test_auth.py::TestPricingModels::test_pricing_request_valid
  /home/jules/.pyenv/versions/3.12.12/lib/python3.12/site-packages/passlib/utils/__init__.py:854: DeprecationWarning: 'crypt' is deprecated and slated for removal in Python 3.13
    from crypt import crypt as _crypt

-- Docs: https://docs.pytest.org/en/stable/how-to/capture-warnings.html
======================== 31 passed, 1 warning in 2.66s =========================

Tests finished with exit code 0
