Starting tests...
============================= test session starts ==============================
platform linux -- Python 3.12.12, pytest-9.0.2, pluggy-1.6.0 -- /home/jules/.pyenv/versions/3.12.12/bin/python
cachedir: .pytest_cache
rootdir: /app
configfile: pyproject.toml
plugins: anyio-4.12.1
collecting ... collected 39 items

tests/test_auth.py::TestUserModels::test_user_create_valid PASSED        [  2%]
tests/test_auth.py::TestUserModels::test_user_create_default_role PASSED [  5%]
tests/test_auth.py::TestUserModels::test_user_create_invalid_email PASSED [  7%]
tests/test_auth.py::TestUserModels::test_user_create_short_password PASSED [ 10%]
tests/test_auth.py::TestUserModels::test_user_create_invalid_role PASSED [ 12%]
tests/test_auth.py::TestPricingModels::test_pricing_request_valid PASSED [ 15%]
tests/test_auth.py::TestPricingModels::test_pricing_request_invalid_spot PASSED [ 17%]
tests/test_auth.py::TestPricingModels::test_pricing_request_invalid_option_type PASSED [ 20%]
tests/test_auth.py::TestOAuthUrls::test_google_oauth_url_structure PASSED [ 23%]
tests/test_auth.py::TestOAuthUrls::test_github_oauth_url_structure PASSED [ 25%]
tests/test_auth.py::TestTokenGeneration::test_secure_token_generation PASSED [ 28%]
tests/test_auth.py::TestTokenGeneration::test_tokens_are_unique PASSED   [ 30%]
tests/test_feature_engineering.py::TestTechnicalIndicators::test_calculate_technical_indicators_happy_path PASSED [ 33%]
tests/test_feature_engineering.py::TestTechnicalIndicators::test_calculate_technical_indicators_insufficient_data PASSED [ 35%]
tests/test_feature_engineering.py::TestTechnicalIndicators::test_calculate_technical_indicators_empty_df PASSED [ 38%]
tests/test_feature_engineering.py::TestTechnicalIndicators::test_rsi_calculation_increasing PASSED [ 41%]
tests/test_feature_engineering.py::TestTechnicalIndicators::test_rsi_calculation_decreasing PASSED [ 43%]
tests/test_feature_engineering.py::TestTechnicalIndicators::test_constant_prices PASSED [ 46%]
tests/test_feature_engineering.py::TestSignalGeneration::test_generate_signals PASSED [ 48%]
tests/test_feature_engineering.py::TestSignalGeneration::test_signal_neutral PASSED [ 51%]
tests/test_pricing.py::TestBlackScholes::test_at_the_money_call PASSED   [ 53%]
tests/test_pricing.py::TestBlackScholes::test_at_the_money_put PASSED    [ 56%]
tests/test_pricing.py::TestBlackScholes::test_put_call_parity PASSED     [ 58%]
tests/test_pricing.py::TestBlackScholes::test_deep_itm_call PASSED       [ 61%]
tests/test_pricing.py::TestBlackScholes::test_deep_otm_call PASSED       [ 64%]
tests/test_pricing.py::TestBlackScholes::test_zero_time_call PASSED      [ 66%]
tests/test_pricing.py::TestCrankNicolson::test_accuracy_vs_analytical_call PASSED [ 69%]
tests/test_pricing.py::TestCrankNicolson::test_accuracy_vs_analytical_put PASSED [ 71%]
tests/test_pricing.py::TestCrankNicolson::test_grid_convergence PASSED   [ 74%]
tests/test_pricing.py::TestMonteCarlo::test_accuracy_vs_analytical PASSED [ 76%]
tests/test_pricing.py::TestMonteCarlo::test_antithetic_reduces_variance PASSED [ 79%]
tests/test_pricing.py::TestMonteCarlo::test_reproducibility_with_seed PASSED [ 82%]
tests/test_pricing.py::TestTrinomialTree::test_accuracy_vs_analytical PASSED [ 84%]
tests/test_pricing.py::TestTrinomialTree::test_richardson_extrapolation_improves_accuracy PASSED [ 87%]
tests/test_pricing.py::TestNumericalMethodComparator::test_all_methods_return_results PASSED [ 89%]
tests/test_pricing.py::TestNumericalMethodComparator::test_timing_information PASSED [ 92%]
tests/test_pricing.py::TestEdgeCases::test_high_volatility PASSED        [ 94%]
tests/test_pricing.py::TestEdgeCases::test_very_short_maturity PASSED    [ 97%]
tests/test_pricing.py::TestEdgeCases::test_zero_rate PASSED              [100%]

=============================== warnings summary ===============================
tests/test_feature_engineering.py:6
  /app/tests/test_feature_engineering.py:6: DeprecationWarning:
  Pyarrow will become a required dependency of pandas in the next major release of pandas (pandas 3.0),
  (to allow more performant data types, such as the Arrow string type, and better interoperability with other libraries)
  but was not found to be installed on your system.
  If this would cause problems for you,
  please provide us feedback at https://github.com/pandas-dev/pandas/issues/54466

    import pandas as pd

-- Docs: https://docs.pytest.org/en/stable/how-to/capture-warnings.html
======================== 39 passed, 1 warning in 2.72s =========================

Tests finished with exit code 0
