Starting tests...
============================= test session starts ==============================
platform linux -- Python 3.13.0, pytest-9.0.2, pluggy-1.6.0 -- /home/kamau/comparison/.venv/bin/python
cachedir: .pytest_cache
rootdir: /home/kamau/comparison
configfile: pyproject.toml
plugins: anyio-4.12.1, asyncio-1.3.0
asyncio: mode=Mode.STRICT, debug=False, asyncio_default_fixture_loop_scope=None, asyncio_default_test_loop_scope=function
collecting ... collected 12 items / 1 error

==================================== ERRORS ====================================
____________________ ERROR collecting tests/test_pricing.py ____________________
ImportError while importing test module '/home/kamau/comparison/tests/test_pricing.py'.
Hint: make sure your test modules/packages have valid Python names.
Traceback:
.venv/lib/python3.13/site-packages/_pytest/python.py:507: in importtestmodule
    mod = import_path(
.venv/lib/python3.13/site-packages/_pytest/pathlib.py:587: in import_path
    importlib.import_module(module_name)
../.pyenv/versions/3.13.0/lib/python3.13/importlib/__init__.py:88: in import_module
    return _bootstrap._gcd_import(name[level:], package, level)
           ^^^^^^^^^^^^^^^^^^^^^^^^^^^^^^^^^^^^^^^^^^^^^^^^^^^^
<frozen importlib._bootstrap>:1387: in _gcd_import
    ???
<frozen importlib._bootstrap>:1360: in _find_and_load
    ???
<frozen importlib._bootstrap>:1331: in _find_and_load_unlocked
    ???
<frozen importlib._bootstrap>:935: in _load_unlocked
    ???
.venv/lib/python3.13/site-packages/_pytest/assertion/rewrite.py:197: in exec_module
    exec(co, module.__dict__)
tests/test_pricing.py:8: in <module>
    from src.pricing.numerical_methods import (
src/pricing/numerical_methods.py:13: in <module>
    import numpy as np
E   ModuleNotFoundError: No module named 'numpy'
=========================== short test summary info ============================
ERROR tests/test_pricing.py
!!!!!!!!!!!!!!!!!!!! Interrupted: 1 error during collection !!!!!!!!!!!!!!!!!!!!
=============================== 1 error in 0.42s ===============================

Tests finished with exit code 2
